e:\git_ipu\sheet\lpperiodicbackup\x64\release\vc141.pdb
e:\git_ipu\sheet\lpperiodicbackup\x64\release\lpperiodicbackup.obj
e:\git_ipu\sheet\lpperiodicbackup\x64\release\moc_lpperiodicbackup.obj
e:\git_ipu\sheet\lpperiodicbackup\x64\release\moc_lpperiodicbackup_global.obj
e:\git_ipu\soft_dev\runner17\x64\lpperiodicbackup.dll
e:\git_ipu\sheet\lpperiodicbackup\generatedfiles\release\moc_lpperiodicbackup.cpp
e:\git_ipu\sheet\lpperiodicbackup\generatedfiles\release\moc_lpperiodicbackup_global.cpp
e:\git_ipu\soft_dev\runner17\x64\lpperiodicbackup.lib
e:\git_ipu\soft_dev\runner17\x64\lpperiodicbackup.exp
e:\git_ipu\sheet\lpperiodicbackup\.\generatedfiles\release\moc_lpperiodicbackup.cpp
e:\git_ipu\sheet\lpperiodicbackup\.\generatedfiles\release\moc_lpperiodicbackup_global.cpp
e:\git_ipu\soft_dev\tpvs17\..\runner17\x64\lpperiodicbackup.dll
e:\git_ipu\sheet\lpperiodicbackup\x64\release\lpperiodicbackup.tlog\cl.command.1.tlog
e:\git_ipu\sheet\lpperiodicbackup\x64\release\lpperiodicbackup.tlog\cl.read.1.tlog
e:\git_ipu\sheet\lpperiodicbackup\x64\release\lpperiodicbackup.tlog\cl.write.1.tlog
e:\git_ipu\sheet\lpperiodicbackup\x64\release\lpperiodicbackup.tlog\link.command.1.tlog
e:\git_ipu\sheet\lpperiodicbackup\x64\release\lpperiodicbackup.tlog\link.read.1.tlog
e:\git_ipu\sheet\lpperiodicbackup\x64\release\lpperiodicbackup.tlog\link.write.1.tlog
e:\git_ipu\sheet\lpperiodicbackup\x64\release\lpperiodicbackup.tlog\lpperiodicbackup.write.1u.tlog
e:\git_ipu\sheet\lpperiodicbackup\x64\release\lpperiodicbackup.tlog\moc.read.1u.tlog
e:\git_ipu\sheet\lpperiodicbackup\x64\release\lpperiodicbackup.tlog\moc.write.1u.tlog
