e:\git_ipu\sheet\lpperiodicbackup\x64\debug\moc_lpperiodicbackup.obj
e:\git_ipu\sheet\lpperiodicbackup\x64\debug\moc_lpperiodicbackup_global.obj
e:\git_ipu\sheet\lpperiodicbackup\x64\debug\lpperiodicbackup.obj
e:\git_ipu\sheet\lpperiodicbackup\x64\debug\vc141.pdb
e:\git_ipu\soft_dev\runner17\x64\lpperiodicbackupd.ilk
e:\git_ipu\soft_dev\runner17\x64\lpperiodicbackupd.dll
e:\git_ipu\soft_dev\runner17\x64\lpperiodicbackupd.pdb
e:\git_ipu\sheet\lpperiodicbackup\generatedfiles\debug\moc_lpperiodicbackup.cpp
e:\git_ipu\sheet\lpperiodicbackup\generatedfiles\debug\moc_lpperiodicbackup_global.cpp
e:\git_ipu\soft_dev\runner17\x64\lpperiodicbackupd.lib
e:\git_ipu\soft_dev\runner17\x64\lpperiodicbackupd.exp
e:\git_ipu\sheet\lpperiodicbackup\.\generatedfiles\debug\moc_lpperiodicbackup.cpp
e:\git_ipu\sheet\lpperiodicbackup\.\generatedfiles\debug\moc_lpperiodicbackup_global.cpp
e:\git_ipu\soft_dev\tpvs17\..\runner17\x64\lpperiodicbackupd.pdb
e:\git_ipu\soft_dev\tpvs17\..\runner17\x64\lpperiodicbackupd.dll
e:\git_ipu\soft_dev\tpvs17\..\runner17\x64\lpperiodicbackupd.ilk
e:\git_ipu\sheet\lpperiodicbackup\x64\debug\lpperiodicbackup.tlog\cl.20164.write.1.tlog
e:\git_ipu\sheet\lpperiodicbackup\x64\debug\lpperiodicbackup.tlog\cl.command.1.tlog
e:\git_ipu\sheet\lpperiodicbackup\x64\debug\lpperiodicbackup.tlog\cl.read.1.tlog
e:\git_ipu\sheet\lpperiodicbackup\x64\debug\lpperiodicbackup.tlog\link.command.1.tlog
e:\git_ipu\sheet\lpperiodicbackup\x64\debug\lpperiodicbackup.tlog\link.read.1.tlog
e:\git_ipu\sheet\lpperiodicbackup\x64\debug\lpperiodicbackup.tlog\link.write.1.tlog
e:\git_ipu\sheet\lpperiodicbackup\x64\debug\lpperiodicbackup.tlog\lpperiodicbackup.write.1u.tlog
e:\git_ipu\sheet\lpperiodicbackup\x64\debug\lpperiodicbackup.tlog\moc.read.1u.tlog
e:\git_ipu\sheet\lpperiodicbackup\x64\debug\lpperiodicbackup.tlog\moc.write.1u.tlog
